0 info it worked if it ends with ok
1 verbose cli [ '/usr/local/bin/node',
1 verbose cli   '/usr/local/bin/npm',
1 verbose cli   'install',
1 verbose cli   '-g',
1 verbose cli   'aglio' ]
2 info using npm@2.11.3
3 info using node@v0.12.7
4 verbose install initial load of /usr/local/lib/package.json
5 verbose readDependencies loading dependencies from /usr/local/lib/package.json
6 silly cache add args [ 'aglio', null ]
7 verbose cache add spec aglio
8 silly cache add parsed spec { raw: 'aglio',
8 silly cache add   scope: null,
8 silly cache add   name: 'aglio',
8 silly cache add   rawSpec: '',
8 silly cache add   spec: '*',
8 silly cache add   type: 'range' }
9 silly addNamed aglio@*
10 verbose addNamed "*" is a valid semver range for aglio
11 silly addNameRange { name: 'aglio', range: '*', hasData: false }
12 silly mapToRegistry name aglio
13 silly mapToRegistry using default registry
14 silly mapToRegistry registry https://registry.npmjs.org/
15 silly mapToRegistry uri https://registry.npmjs.org/aglio
16 verbose addNameRange registry:https://registry.npmjs.org/aglio not in flight; fetching
17 verbose request uri https://registry.npmjs.org/aglio
18 verbose request no auth needed
19 info attempt registry request try #1 at 11:56:38 AM
20 verbose request id 17e1eedff49e53e8
21 verbose etag "EOLNW9UGLVX5UP6TS2ZN5GY5P"
22 http request GET https://registry.npmjs.org/aglio
23 http 304 https://registry.npmjs.org/aglio
24 silly get cb [ 304,
24 silly get   { date: 'Mon, 11 Apr 2016 16:56:39 GMT',
24 silly get     via: '1.1 varnish',
24 silly get     'cache-control': 'max-age=300',
24 silly get     etag: '"EOLNW9UGLVX5UP6TS2ZN5GY5P"',
24 silly get     age: '84',
24 silly get     connection: 'keep-alive',
24 silly get     'x-served-by': 'cache-jfk1048-JFK',
24 silly get     'x-cache': 'HIT',
24 silly get     'x-cache-hits': '1',
24 silly get     'x-timer': 'S1460393799.089917,VS0,VE0',
24 silly get     vary: 'Accept-Encoding' } ]
25 verbose etag https://registry.npmjs.org/aglio from cache
26 verbose get saving aglio to /home/esteban/.npm/registry.npmjs.org/aglio/.cache.json
27 silly addNameRange number 2 { name: 'aglio', range: '*', hasData: true }
28 silly addNameRange versions [ 'aglio',
28 silly addNameRange   [ '1.0.0',
28 silly addNameRange     '1.1.0',
28 silly addNameRange     '1.2.0',
28 silly addNameRange     '1.3.0',
28 silly addNameRange     '1.4.0',
28 silly addNameRange     '1.5.0',
28 silly addNameRange     '1.6.0',
28 silly addNameRange     '1.6.1',
28 silly addNameRange     '1.7.0',
28 silly addNameRange     '1.8.0',
28 silly addNameRange     '1.9.0',
28 silly addNameRange     '1.9.1',
28 silly addNameRange     '1.10.0',
28 silly addNameRange     '1.10.1',
28 silly addNameRange     '1.11.0',
28 silly addNameRange     '1.12.0',
28 silly addNameRange     '1.12.1',
28 silly addNameRange     '1.13.0',
28 silly addNameRange     '1.14.0',
28 silly addNameRange     '1.15.0',
28 silly addNameRange     '1.16.0',
28 silly addNameRange     '1.16.1',
28 silly addNameRange     '1.16.2',
28 silly addNameRange     '1.17.0',
28 silly addNameRange     '1.17.1',
28 silly addNameRange     '1.17.1-experimental3',
28 silly addNameRange     '1.18.0',
28 silly addNameRange     '2.0.0-beta1',
28 silly addNameRange     '2.0.0-beta2',
28 silly addNameRange     '2.0.0-beta3',
28 silly addNameRange     '2.0.0-beta4',
28 silly addNameRange     '2.0.0-beta5',
28 silly addNameRange     '2.0.0-beta6',
28 silly addNameRange     '2.0.0',
28 silly addNameRange     '2.0.1',
28 silly addNameRange     '2.0.2',
28 silly addNameRange     '2.0.3',
28 silly addNameRange     '2.0.4',
28 silly addNameRange     '2.1.0',
28 silly addNameRange     '2.1.1',
28 silly addNameRange     '2.2.0' ] ]
29 silly addNamed aglio@2.2.0
30 verbose addNamed "2.2.0" is a plain semver version for aglio
31 silly cache afterAdd aglio@2.2.0
32 verbose afterAdd /home/esteban/.npm/aglio/2.2.0/package/package.json not in flight; writing
33 verbose afterAdd /home/esteban/.npm/aglio/2.2.0/package/package.json written
34 silly install resolved [ { name: 'aglio',
34 silly install resolved     version: '2.2.0',
34 silly install resolved     description: 'An API Blueprint renderer with theme support',
34 silly install resolved     main: 'lib/main.js',
34 silly install resolved     bin: { aglio: './bin/aglio.js' },
34 silly install resolved     scripts: { test: 'grunt test', prepublish: 'grunt compile' },
34 silly install resolved     author: { name: 'Daniel G. Taylor' },
34 silly install resolved     license: 'MIT',
34 silly install resolved     repository:
34 silly install resolved      { type: 'git',
34 silly install resolved        url: 'git+https://github.com/danielgtaylor/aglio.git' },
34 silly install resolved     bugs: { url: 'https://github.com/danielgtaylor/aglio/issues' },
34 silly install resolved     keywords:
34 silly install resolved      [ 'api',
34 silly install resolved        'blueprint',
34 silly install resolved        'protagonist',
34 silly install resolved        'snowcrash',
34 silly install resolved        'html',
34 silly install resolved        'parse',
34 silly install resolved        'markdown' ],
34 silly install resolved     dependencies:
34 silly install resolved      { 'aglio-theme-olio': '^1.2.0',
34 silly install resolved        chokidar: '^1.0.1',
34 silly install resolved        'cli-color': '^1.0.0',
34 silly install resolved        'pretty-error': '^1.1.2',
34 silly install resolved        protagonist: '^1.1.1',
34 silly install resolved        'serve-static': '^1.9.3',
34 silly install resolved        'socket.io': '^1.3.5',
34 silly install resolved        yargs: '^3.0.2' },
34 silly install resolved     devDependencies:
34 silly install resolved      { async: '^1.0.0',
34 silly install resolved        coffeelint: '^1.5.6',
34 silly install resolved        grunt: '~0.4.1',
34 silly install resolved        'grunt-coffeelint': '0.0.13',
34 silly install resolved        'grunt-contrib-coffee': '^0.13.0',
34 silly install resolved        'grunt-mocha-cov': '^0.4.0',
34 silly install resolved        sinon: '^1.10.3' },
34 silly install resolved     gitHead: 'd651b93b4a0c38a7e75113184c33406cd0a01552',
34 silly install resolved     homepage: 'https://github.com/danielgtaylor/aglio',
34 silly install resolved     _id: 'aglio@2.2.0',
34 silly install resolved     _shasum: '6bef6ba2073bf852896cf1628d888e533293651e',
34 silly install resolved     _from: 'aglio@*',
34 silly install resolved     _npmVersion: '2.14.7',
34 silly install resolved     _nodeVersion: '4.2.1',
34 silly install resolved     _npmUser: { name: 'danielgtaylor', email: 'danielgtaylor@gmail.com' },
34 silly install resolved     dist:
34 silly install resolved      { shasum: '6bef6ba2073bf852896cf1628d888e533293651e',
34 silly install resolved        tarball: 'https://registry.npmjs.org/aglio/-/aglio-2.2.0.tgz' },
34 silly install resolved     maintainers: [ [Object], [Object], [Object], [Object] ],
34 silly install resolved     directories: {},
34 silly install resolved     _resolved: 'https://registry.npmjs.org/aglio/-/aglio-2.2.0.tgz',
34 silly install resolved     readme: 'ERROR: No README data found!' } ]
35 info install aglio@2.2.0 into /usr/local/lib
36 info installOne aglio@2.2.0
37 verbose installOne of aglio to /usr/local/lib not in flight; installing
38 warn locking Error: EACCES, open '/home/esteban/.npm/_locks/aglio-e0a2f726723acc94.lock'
38 warn locking     at Error (native)
38 warn locking  /home/esteban/.npm/_locks/aglio-e0a2f726723acc94.lock failed { [Error: EACCES, open '/home/esteban/.npm/_locks/aglio-e0a2f726723acc94.lock']
38 warn locking   errno: -13,
38 warn locking   code: 'EACCES',
38 warn locking   path: '/home/esteban/.npm/_locks/aglio-e0a2f726723acc94.lock' }
39 verbose stack Error: Attempt to unlock /usr/local/lib/node_modules/aglio, which hasn't been locked
39 verbose stack     at unlock (/usr/local/lib/node_modules/npm/lib/utils/locker.js:66:11)
39 verbose stack     at cb (/usr/local/lib/node_modules/npm/lib/install.js:1017:5)
39 verbose stack     at /usr/local/lib/node_modules/npm/lib/install.js:1021:20
39 verbose stack     at /usr/local/lib/node_modules/npm/lib/utils/locker.js:40:9
39 verbose stack     at cb (/usr/local/lib/node_modules/npm/node_modules/lockfile/lockfile.js:149:38)
39 verbose stack     at /usr/local/lib/node_modules/npm/node_modules/lockfile/lockfile.js:177:38
39 verbose stack     at FSReqWrap.oncomplete (fs.js:95:15)
40 verbose cwd /home/esteban/LendingFront/apidocs
41 error Linux 4.4.0-040400-generic
42 error argv "/usr/local/bin/node" "/usr/local/bin/npm" "install" "-g" "aglio"
43 error node v0.12.7
44 error npm  v2.11.3
45 error Attempt to unlock /usr/local/lib/node_modules/aglio, which hasn't been locked
46 error If you need help, you may report this error at:
46 error     <https://github.com/npm/npm/issues>
47 verbose exit [ 1, true ]
